<?xml version="1.0" encoding="UTF-8"?>
<beans xmlns="http://www.springframework.org/schema/beans"
	xmlns:xsi="http://www.w3.org/2001/XMLSchema-instance" xmlns:jaxws="http://cxf.apache.org/jaxws"
	xmlns:context="http://www.springframework.org/schema/context"
	xsi:schemaLocation="http://cxf.apache.org/jaxws http://cxf.apache.org/schemas/jaxws.xsd
		http://www.springframework.org/schema/beans http://www.springframework.org/schema/beans/spring-beans.xsd
		http://www.springframework.org/schema/context http://www.springframework.org/schema/context/spring-context-4.1.xsd">

	<import resource="classpath:META-INF/cxf/cxf.xml" />
	<context:component-scan base-package="com.cfx.demo"></context:component-scan>

	<bean id="defaultOrdersEndPoint" class="com.cfx.demo.orders.DefaultOrdersEndPoint"></bean>

	<jaxws:server id="testOrderServer" serviceBean="defaultOrdersEndPoint"
		address="http://localhost:9000/apache-cfx-jax-ws-demo/services/orders"
		serviceClass="com.allstate.services.orders.Orders">

		<jaxws:inInterceptors>
			<ref bean="LoggingInInterceptor" />
			<ref bean="orderServiceSoapHeaderInIntercepter" />
		</jaxws:inInterceptors>

		<jaxws:outInterceptors>
			<ref bean="LoggingOutInterceptor" />
		</jaxws:outInterceptors>
	</jaxws:server>


	<bean id="LoggingInInterceptor" class="org.apache.cxf.interceptor.LoggingInInterceptor"></bean>
	<bean id="LoggingOutInterceptor" class="org.apache.cxf.interceptor.LoggingOutInterceptor"></bean>

	<jaxws:client id="testOrdersClient"
		address="http://localhost:9000/apache-cfx-jax-ws-demo/services/orders"
		serviceClass="com.allstate.services.orders.Orders">

		<jaxws:inInterceptors>
			<ref bean="LoggingInInterceptor" />
		</jaxws:inInterceptors>

		<jaxws:outInterceptors>
			<ref bean="LoggingOutInterceptor" />
			<ref bean="orderServiceSoapHeaderOutIntercepter" />
		</jaxws:outInterceptors>

	</jaxws:client>

	<bean id="orderServiceSoapHeaderInIntercepter" class="com.cfx.demo.orders.OrderServiceSoapHeaderInIntercepter"></bean>
	<bean id="orderServiceSoapHeaderOutIntercepter" class="com.cfx.demo.orders.OrderServiceSoapHeaderOutIntercepter"></bean>
	

</beans>
